2012/06/11 08:17:10 [error] [exception.CHttpException.404] exception 'CHttpException' with message 'The requested view "news" was not found.' in C:\xampp\htdocs\yii\framework\web\actions\CViewAction.php:113
Stack trace:
#0 C:\xampp\htdocs\yii\framework\web\actions\CViewAction.php(124): CViewAction->resolveView('news')
#1 C:\xampp\htdocs\yii\framework\web\actions\CAction.php(75): CViewAction->run()
#2 C:\xampp\htdocs\yii\framework\web\CController.php(309): CAction->runWithParams(Array)
#3 C:\xampp\htdocs\yii\framework\web\CController.php(287): CController->runAction(Object(CViewAction))
#4 C:\xampp\htdocs\yii\framework\web\CController.php(266): CController->runActionWithFilters(Object(CViewAction), Array)
#5 C:\xampp\htdocs\yii\framework\web\CWebApplication.php(276): CController->run('page')
#6 C:\xampp\htdocs\yii\framework\web\CWebApplication.php(135): CWebApplication->runController('site/page/view/...')
#7 C:\xampp\htdocs\yii\framework\base\CApplication.php(162): CWebApplication->processRequest()
#8 C:\xampp\htdocs\yii\index.php(13): CApplication->run()
#9 {main}
REQUEST_URI=/yii/site/page/view/news
HTTP_REFERER=http://localhost/yii/
---
2012/06/11 08:17:11 [error] [exception.CHttpException.404] exception 'CHttpException' with message 'The requested view "rules" was not found.' in C:\xampp\htdocs\yii\framework\web\actions\CViewAction.php:113
Stack trace:
#0 C:\xampp\htdocs\yii\framework\web\actions\CViewAction.php(124): CViewAction->resolveView('rules')
#1 C:\xampp\htdocs\yii\framework\web\actions\CAction.php(75): CViewAction->run()
#2 C:\xampp\htdocs\yii\framework\web\CController.php(309): CAction->runWithParams(Array)
#3 C:\xampp\htdocs\yii\framework\web\CController.php(287): CController->runAction(Object(CViewAction))
#4 C:\xampp\htdocs\yii\framework\web\CController.php(266): CController->runActionWithFilters(Object(CViewAction), Array)
#5 C:\xampp\htdocs\yii\framework\web\CWebApplication.php(276): CController->run('page')
#6 C:\xampp\htdocs\yii\framework\web\CWebApplication.php(135): CWebApplication->runController('site/page/view/...')
#7 C:\xampp\htdocs\yii\framework\base\CApplication.php(162): CWebApplication->processRequest()
#8 C:\xampp\htdocs\yii\index.php(13): CApplication->run()
#9 {main}
REQUEST_URI=/yii/site/page/view/rules
HTTP_REFERER=http://localhost/yii/site/page/view/news
---
2012/06/11 08:17:12 [error] [exception.CHttpException.404] exception 'CHttpException' with message 'The requested view "rules" was not found.' in C:\xampp\htdocs\yii\framework\web\actions\CViewAction.php:113
Stack trace:
#0 C:\xampp\htdocs\yii\framework\web\actions\CViewAction.php(124): CViewAction->resolveView('rules')
#1 C:\xampp\htdocs\yii\framework\web\actions\CAction.php(75): CViewAction->run()
#2 C:\xampp\htdocs\yii\framework\web\CController.php(309): CAction->runWithParams(Array)
#3 C:\xampp\htdocs\yii\framework\web\CController.php(287): CController->runAction(Object(CViewAction))
#4 C:\xampp\htdocs\yii\framework\web\CController.php(266): CController->runActionWithFilters(Object(CViewAction), Array)
#5 C:\xampp\htdocs\yii\framework\web\CWebApplication.php(276): CController->run('page')
#6 C:\xampp\htdocs\yii\framework\web\CWebApplication.php(135): CWebApplication->runController('site/page/view/...')
#7 C:\xampp\htdocs\yii\framework\base\CApplication.php(162): CWebApplication->processRequest()
#8 C:\xampp\htdocs\yii\index.php(13): CApplication->run()
#9 {main}
REQUEST_URI=/yii/site/page/view/rules
HTTP_REFERER=http://localhost/yii/site/page/view/rules
---
2012/06/11 08:17:13 [error] [exception.CHttpException.404] exception 'CHttpException' with message 'The requested view "rules" was not found.' in C:\xampp\htdocs\yii\framework\web\actions\CViewAction.php:113
Stack trace:
#0 C:\xampp\htdocs\yii\framework\web\actions\CViewAction.php(124): CViewAction->resolveView('rules')
#1 C:\xampp\htdocs\yii\framework\web\actions\CAction.php(75): CViewAction->run()
#2 C:\xampp\htdocs\yii\framework\web\CController.php(309): CAction->runWithParams(Array)
#3 C:\xampp\htdocs\yii\framework\web\CController.php(287): CController->runAction(Object(CViewAction))
#4 C:\xampp\htdocs\yii\framework\web\CController.php(266): CController->runActionWithFilters(Object(CViewAction), Array)
#5 C:\xampp\htdocs\yii\framework\web\CWebApplication.php(276): CController->run('page')
#6 C:\xampp\htdocs\yii\framework\web\CWebApplication.php(135): CWebApplication->runController('site/page/view/...')
#7 C:\xampp\htdocs\yii\framework\base\CApplication.php(162): CWebApplication->processRequest()
#8 C:\xampp\htdocs\yii\index.php(13): CApplication->run()
#9 {main}
REQUEST_URI=/yii/site/page/view/rules
HTTP_REFERER=http://localhost/yii/site/page/view/rules
---
2012/06/11 08:17:14 [error] [exception.CHttpException.404] exception 'CHttpException' with message 'The requested view "rules" was not found.' in C:\xampp\htdocs\yii\framework\web\actions\CViewAction.php:113
Stack trace:
#0 C:\xampp\htdocs\yii\framework\web\actions\CViewAction.php(124): CViewAction->resolveView('rules')
#1 C:\xampp\htdocs\yii\framework\web\actions\CAction.php(75): CViewAction->run()
#2 C:\xampp\htdocs\yii\framework\web\CController.php(309): CAction->runWithParams(Array)
#3 C:\xampp\htdocs\yii\framework\web\CController.php(287): CController->runAction(Object(CViewAction))
#4 C:\xampp\htdocs\yii\framework\web\CController.php(266): CController->runActionWithFilters(Object(CViewAction), Array)
#5 C:\xampp\htdocs\yii\framework\web\CWebApplication.php(276): CController->run('page')
#6 C:\xampp\htdocs\yii\framework\web\CWebApplication.php(135): CWebApplication->runController('site/page/view/...')
#7 C:\xampp\htdocs\yii\framework\base\CApplication.php(162): CWebApplication->processRequest()
#8 C:\xampp\htdocs\yii\index.php(13): CApplication->run()
#9 {main}
REQUEST_URI=/yii/site/page/view/rules
HTTP_REFERER=http://localhost/yii/site/page/view/rules
---
2012/06/11 08:17:15 [error] [exception.CHttpException.404] exception 'CHttpException' with message 'The requested view "rules" was not found.' in C:\xampp\htdocs\yii\framework\web\actions\CViewAction.php:113
Stack trace:
#0 C:\xampp\htdocs\yii\framework\web\actions\CViewAction.php(124): CViewAction->resolveView('rules')
#1 C:\xampp\htdocs\yii\framework\web\actions\CAction.php(75): CViewAction->run()
#2 C:\xampp\htdocs\yii\framework\web\CController.php(309): CAction->runWithParams(Array)
#3 C:\xampp\htdocs\yii\framework\web\CController.php(287): CController->runAction(Object(CViewAction))
#4 C:\xampp\htdocs\yii\framework\web\CController.php(266): CController->runActionWithFilters(Object(CViewAction), Array)
#5 C:\xampp\htdocs\yii\framework\web\CWebApplication.php(276): CController->run('page')
#6 C:\xampp\htdocs\yii\framework\web\CWebApplication.php(135): CWebApplication->runController('site/page/view/...')
#7 C:\xampp\htdocs\yii\framework\base\CApplication.php(162): CWebApplication->processRequest()
#8 C:\xampp\htdocs\yii\index.php(13): CApplication->run()
#9 {main}
REQUEST_URI=/yii/site/page/view/rules
HTTP_REFERER=http://localhost/yii/site/page/view/rules
---
2012/06/11 08:17:16 [error] [exception.CHttpException.404] exception 'CHttpException' with message 'The requested view "rules" was not found.' in C:\xampp\htdocs\yii\framework\web\actions\CViewAction.php:113
Stack trace:
#0 C:\xampp\htdocs\yii\framework\web\actions\CViewAction.php(124): CViewAction->resolveView('rules')
#1 C:\xampp\htdocs\yii\framework\web\actions\CAction.php(75): CViewAction->run()
#2 C:\xampp\htdocs\yii\framework\web\CController.php(309): CAction->runWithParams(Array)
#3 C:\xampp\htdocs\yii\framework\web\CController.php(287): CController->runAction(Object(CViewAction))
#4 C:\xampp\htdocs\yii\framework\web\CController.php(266): CController->runActionWithFilters(Object(CViewAction), Array)
#5 C:\xampp\htdocs\yii\framework\web\CWebApplication.php(276): CController->run('page')
#6 C:\xampp\htdocs\yii\framework\web\CWebApplication.php(135): CWebApplication->runController('site/page/view/...')
#7 C:\xampp\htdocs\yii\framework\base\CApplication.php(162): CWebApplication->processRequest()
#8 C:\xampp\htdocs\yii\index.php(13): CApplication->run()
#9 {main}
REQUEST_URI=/yii/site/page/view/rules
HTTP_REFERER=http://localhost/yii/site/page/view/rules
---
2012/06/11 08:17:17 [error] [exception.CHttpException.404] exception 'CHttpException' with message 'The requested view "news" was not found.' in C:\xampp\htdocs\yii\framework\web\actions\CViewAction.php:113
Stack trace:
#0 C:\xampp\htdocs\yii\framework\web\actions\CViewAction.php(124): CViewAction->resolveView('news')
#1 C:\xampp\htdocs\yii\framework\web\actions\CAction.php(75): CViewAction->run()
#2 C:\xampp\htdocs\yii\framework\web\CController.php(309): CAction->runWithParams(Array)
#3 C:\xampp\htdocs\yii\framework\web\CController.php(287): CController->runAction(Object(CViewAction))
#4 C:\xampp\htdocs\yii\framework\web\CController.php(266): CController->runActionWithFilters(Object(CViewAction), Array)
#5 C:\xampp\htdocs\yii\framework\web\CWebApplication.php(276): CController->run('page')
#6 C:\xampp\htdocs\yii\framework\web\CWebApplication.php(135): CWebApplication->runController('site/page/view/...')
#7 C:\xampp\htdocs\yii\framework\base\CApplication.php(162): CWebApplication->processRequest()
#8 C:\xampp\htdocs\yii\index.php(13): CApplication->run()
#9 {main}
REQUEST_URI=/yii/site/page/view/news
HTTP_REFERER=http://localhost/yii/site/page/view/rules
---
2012/06/11 08:17:19 [error] [exception.CHttpException.404] exception 'CHttpException' with message 'The requested view "news" was not found.' in C:\xampp\htdocs\yii\framework\web\actions\CViewAction.php:113
Stack trace:
#0 C:\xampp\htdocs\yii\framework\web\actions\CViewAction.php(124): CViewAction->resolveView('news')
#1 C:\xampp\htdocs\yii\framework\web\actions\CAction.php(75): CViewAction->run()
#2 C:\xampp\htdocs\yii\framework\web\CController.php(309): CAction->runWithParams(Array)
#3 C:\xampp\htdocs\yii\framework\web\CController.php(287): CController->runAction(Object(CViewAction))
#4 C:\xampp\htdocs\yii\framework\web\CController.php(266): CController->runActionWithFilters(Object(CViewAction), Array)
#5 C:\xampp\htdocs\yii\framework\web\CWebApplication.php(276): CController->run('page')
#6 C:\xampp\htdocs\yii\framework\web\CWebApplication.php(135): CWebApplication->runController('site/page/view/...')
#7 C:\xampp\htdocs\yii\framework\base\CApplication.php(162): CWebApplication->processRequest()
#8 C:\xampp\htdocs\yii\index.php(13): CApplication->run()
#9 {main}
REQUEST_URI=/yii/site/page/view/news
HTTP_REFERER=http://localhost/yii/
---
2012/06/11 08:27:41 [error] [system.db.CDbCommand] CDbCommand::fetchAll() failed: SQLSTATE[42S02]: Base table or view not found: 1146 Table 'footzie.{{users}}' doesn't exist. The SQL statement executed was: SHOW COLUMNS FROM `{{users}}`.
in C:\xampp\htdocs\yii\protected\modules\user\controllers\RegistrationController.php (25)
in C:\xampp\htdocs\yii\index.php (13)
2012/06/11 08:27:41 [error] [exception.CDbException] exception 'CDbException' with message 'The table "{{users}}" for active record class "RegistrationForm" cannot be found in the database.' in C:\xampp\htdocs\yii\framework\db\ar\CActiveRecord.php:2264
Stack trace:
#0 C:\xampp\htdocs\yii\framework\db\ar\CActiveRecord.php(379): CActiveRecordMetaData->__construct(Object(RegistrationForm))
#1 C:\xampp\htdocs\yii\framework\db\ar\CActiveRecord.php(394): CActiveRecord::model('RegistrationFor...')
#2 C:\xampp\htdocs\yii\framework\db\ar\CActiveRecord.php(78): CActiveRecord->getMetaData()
#3 C:\xampp\htdocs\yii\protected\modules\user\controllers\RegistrationController.php(25): CActiveRecord->__construct()
#4 C:\xampp\htdocs\yii\framework\web\actions\CInlineAction.php(50): RegistrationController->actionRegistration()
#5 C:\xampp\htdocs\yii\framework\web\CController.php(309): CInlineAction->runWithParams(Array)
#6 C:\xampp\htdocs\yii\framework\web\CController.php(287): CController->runAction(Object(CInlineAction))
#7 C:\xampp\htdocs\yii\framework\web\CController.php(266): CController->runActionWithFilters(Object(CInlineAction), Array)
#8 C:\xampp\htdocs\yii\framework\web\CWebApplication.php(276): CController->run('')
#9 C:\xampp\htdocs\yii\framework\web\CWebApplication.php(135): CWebApplication->runController('user/registrati...')
#10 C:\xampp\htdocs\yii\framework\base\CApplication.php(162): CWebApplication->processRequest()
#11 C:\xampp\htdocs\yii\index.php(13): CApplication->run()
#12 {main}
REQUEST_URI=/yii/index.php/user/registration
HTTP_REFERER=http://localhost/yii/user/login
---
2012/06/11 08:27:53 [error] [system.db.CDbCommand] CDbCommand::fetchAll() failed: SQLSTATE[42S02]: Base table or view not found: 1146 Table 'footzie.{{users}}' doesn't exist. The SQL statement executed was: SHOW COLUMNS FROM `{{users}}`.
in C:\xampp\htdocs\yii\protected\modules\user\controllers\RegistrationController.php (25)
in C:\xampp\htdocs\yii\index.php (13)
2012/06/11 08:27:53 [error] [exception.CDbException] exception 'CDbException' with message 'The table "{{users}}" for active record class "RegistrationForm" cannot be found in the database.' in C:\xampp\htdocs\yii\framework\db\ar\CActiveRecord.php:2264
Stack trace:
#0 C:\xampp\htdocs\yii\framework\db\ar\CActiveRecord.php(379): CActiveRecordMetaData->__construct(Object(RegistrationForm))
#1 C:\xampp\htdocs\yii\framework\db\ar\CActiveRecord.php(394): CActiveRecord::model('RegistrationFor...')
#2 C:\xampp\htdocs\yii\framework\db\ar\CActiveRecord.php(78): CActiveRecord->getMetaData()
#3 C:\xampp\htdocs\yii\protected\modules\user\controllers\RegistrationController.php(25): CActiveRecord->__construct()
#4 C:\xampp\htdocs\yii\framework\web\actions\CInlineAction.php(50): RegistrationController->actionRegistration()
#5 C:\xampp\htdocs\yii\framework\web\CController.php(309): CInlineAction->runWithParams(Array)
#6 C:\xampp\htdocs\yii\framework\web\CController.php(287): CController->runAction(Object(CInlineAction))
#7 C:\xampp\htdocs\yii\framework\web\CController.php(266): CController->runActionWithFilters(Object(CInlineAction), Array)
#8 C:\xampp\htdocs\yii\framework\web\CWebApplication.php(276): CController->run('')
#9 C:\xampp\htdocs\yii\framework\web\CWebApplication.php(135): CWebApplication->runController('user/registrati...')
#10 C:\xampp\htdocs\yii\framework\base\CApplication.php(162): CWebApplication->processRequest()
#11 C:\xampp\htdocs\yii\index.php(13): CApplication->run()
#12 {main}
REQUEST_URI=/yii/index.php/user/registration
HTTP_REFERER=http://localhost/yii/user/login
---
2012/06/11 08:28:25 [error] [system.db.CDbCommand] CDbCommand::fetchAll() failed: SQLSTATE[42S02]: Base table or view not found: 1146 Table 'footzie.{{users}}' doesn't exist. The SQL statement executed was: SHOW COLUMNS FROM `{{users}}`.
in C:\xampp\htdocs\yii\protected\modules\user\controllers\RegistrationController.php (25)
in C:\xampp\htdocs\yii\index.php (13)
2012/06/11 08:28:25 [error] [exception.CDbException] exception 'CDbException' with message 'The table "{{users}}" for active record class "RegistrationForm" cannot be found in the database.' in C:\xampp\htdocs\yii\framework\db\ar\CActiveRecord.php:2264
Stack trace:
#0 C:\xampp\htdocs\yii\framework\db\ar\CActiveRecord.php(379): CActiveRecordMetaData->__construct(Object(RegistrationForm))
#1 C:\xampp\htdocs\yii\framework\db\ar\CActiveRecord.php(394): CActiveRecord::model('RegistrationFor...')
#2 C:\xampp\htdocs\yii\framework\db\ar\CActiveRecord.php(78): CActiveRecord->getMetaData()
#3 C:\xampp\htdocs\yii\protected\modules\user\controllers\RegistrationController.php(25): CActiveRecord->__construct()
#4 C:\xampp\htdocs\yii\framework\web\actions\CInlineAction.php(50): RegistrationController->actionRegistration()
#5 C:\xampp\htdocs\yii\framework\web\CController.php(309): CInlineAction->runWithParams(Array)
#6 C:\xampp\htdocs\yii\framework\web\CController.php(287): CController->runAction(Object(CInlineAction))
#7 C:\xampp\htdocs\yii\framework\web\CController.php(266): CController->runActionWithFilters(Object(CInlineAction), Array)
#8 C:\xampp\htdocs\yii\framework\web\CWebApplication.php(276): CController->run('')
#9 C:\xampp\htdocs\yii\framework\web\CWebApplication.php(135): CWebApplication->runController('user/registrati...')
#10 C:\xampp\htdocs\yii\framework\base\CApplication.php(162): CWebApplication->processRequest()
#11 C:\xampp\htdocs\yii\index.php(13): CApplication->run()
#12 {main}
REQUEST_URI=/yii/index.php/user/registration
HTTP_REFERER=http://localhost/yii/user/login
---
2012/06/11 08:34:52 [error] [exception.CHttpException.404] exception 'CHttpException' with message 'Unable to resolve the request "assets/e710bf3b/js/form.js".' in C:\xampp\htdocs\yii\framework\web\CWebApplication.php:280
Stack trace:
#0 C:\xampp\htdocs\yii\framework\web\CWebApplication.php(135): CWebApplication->runController('assets/e710bf3b...')
#1 C:\xampp\htdocs\yii\framework\base\CApplication.php(162): CWebApplication->processRequest()
#2 C:\xampp\htdocs\yii\index.php(13): CApplication->run()
#3 {main}
REQUEST_URI=/yii/assets/e710bf3b/js/form.js
HTTP_REFERER=http://localhost/yii/index.php/user/profileField/create
---
2012/06/11 08:35:28 [error] [exception.CHttpException.404] exception 'CHttpException' with message 'Unable to resolve the request "assets/e710bf3b/js/form.js".' in C:\xampp\htdocs\yii\framework\web\CWebApplication.php:280
Stack trace:
#0 C:\xampp\htdocs\yii\framework\web\CWebApplication.php(135): CWebApplication->runController('assets/e710bf3b...')
#1 C:\xampp\htdocs\yii\framework\base\CApplication.php(162): CWebApplication->processRequest()
#2 C:\xampp\htdocs\yii\index.php(13): CApplication->run()
#3 {main}
REQUEST_URI=/yii/assets/e710bf3b/js/form.js
HTTP_REFERER=http://localhost/yii/index.php/user/profileField/create
---
2012/06/13 13:35:57 [error] [system.db.CDbCommand] CDbCommand::fetchAll() failed: SQLSTATE[42S02]: Base table or view not found: 1146 Table 'footzie.cms_node' doesn't exist. The SQL statement executed was: SHOW COLUMNS FROM `cms_node`.
in C:\xampp\htdocs\yii\protected\modules\cms\models\CmsNode.php (45)
in C:\xampp\htdocs\yii\protected\modules\cms\components\Cms.php (133)
in C:\xampp\htdocs\yii\protected\modules\cms\components\Cms.php (115)
2012/06/13 13:35:57 [error] [exception.CDbException] exception 'CDbException' with message 'The table "cms_node" for active record class "CmsNode" cannot be found in the database.' in C:\xampp\htdocs\yii\framework\db\ar\CActiveRecord.php:2264
Stack trace:
#0 C:\xampp\htdocs\yii\framework\db\ar\CActiveRecord.php(379): CActiveRecordMetaData->__construct(Object(CmsNode))
#1 C:\xampp\htdocs\yii\protected\modules\cms\models\CmsNode.php(45): CActiveRecord::model('CmsNode')
#2 C:\xampp\htdocs\yii\protected\modules\cms\components\Cms.php(133): CmsNode::model()
#3 C:\xampp\htdocs\yii\protected\modules\cms\components\Cms.php(115): Cms->loadNode('foo')
#4 C:\xampp\htdocs\yii\protected\views\site\index.php(19): Cms->createUrl('foo')
#5 C:\xampp\htdocs\yii\framework\web\CBaseController.php(127): require('C:\xampp\htdocs...')
#6 C:\xampp\htdocs\yii\framework\web\CBaseController.php(96): CBaseController->renderInternal('C:\xampp\htdocs...', NULL, true)
#7 C:\xampp\htdocs\yii\framework\web\CController.php(870): CBaseController->renderFile('C:\xampp\htdocs...', NULL, true)
#8 C:\xampp\htdocs\yii\framework\web\CController.php(783): CController->renderPartial('index', NULL, true)
#9 C:\xampp\htdocs\yii\protected\controllers\SiteController.php(32): CController->render('index')
#10 C:\xampp\htdocs\yii\framework\web\actions\CInlineAction.php(50): SiteController->actionIndex()
#11 C:\xampp\htdocs\yii\framework\web\CController.php(309): CInlineAction->runWithParams(Array)
#12 C:\xampp\htdocs\yii\framework\web\CController.php(287): CController->runAction(Object(CInlineAction))
#13 C:\xampp\htdocs\yii\framework\web\CController.php(266): CController->runActionWithFilters(Object(CInlineAction), Array)
#14 C:\xampp\htdocs\yii\framework\web\CWebApplication.php(276): CController->run('')
#15 C:\xampp\htdocs\yii\framework\web\CWebApplication.php(135): CWebApplication->runController('')
#16 C:\xampp\htdocs\yii\framework\base\CApplication.php(162): CWebApplication->processRequest()
#17 C:\xampp\htdocs\yii\index.php(13): CApplication->run()
#18 {main}
REQUEST_URI=/yii/index.php
HTTP_REFERER=http://localhost/yii/index.php/user/profile
---
2012/06/13 13:37:09 [error] [system.db.CDbCommand] CDbCommand::fetchAll() failed: SQLSTATE[42S02]: Base table or view not found: 1146 Table 'footzie.cms_node' doesn't exist. The SQL statement executed was: SHOW COLUMNS FROM `cms_node`.
in C:\xampp\htdocs\yii\protected\modules\cms\models\CmsNode.php (45)
in C:\xampp\htdocs\yii\protected\modules\cms\components\Cms.php (133)
in C:\xampp\htdocs\yii\protected\modules\cms\components\Cms.php (115)
2012/06/13 13:37:09 [error] [exception.CDbException] exception 'CDbException' with message 'The table "cms_node" for active record class "CmsNode" cannot be found in the database.' in C:\xampp\htdocs\yii\framework\db\ar\CActiveRecord.php:2264
Stack trace:
#0 C:\xampp\htdocs\yii\framework\db\ar\CActiveRecord.php(379): CActiveRecordMetaData->__construct(Object(CmsNode))
#1 C:\xampp\htdocs\yii\protected\modules\cms\models\CmsNode.php(45): CActiveRecord::model('CmsNode')
#2 C:\xampp\htdocs\yii\protected\modules\cms\components\Cms.php(133): CmsNode::model()
#3 C:\xampp\htdocs\yii\protected\modules\cms\components\Cms.php(115): Cms->loadNode('foo')
#4 C:\xampp\htdocs\yii\protected\views\site\index.php(19): Cms->createUrl('foo')
#5 C:\xampp\htdocs\yii\framework\web\CBaseController.php(127): require('C:\xampp\htdocs...')
#6 C:\xampp\htdocs\yii\framework\web\CBaseController.php(96): CBaseController->renderInternal('C:\xampp\htdocs...', NULL, true)
#7 C:\xampp\htdocs\yii\framework\web\CController.php(870): CBaseController->renderFile('C:\xampp\htdocs...', NULL, true)
#8 C:\xampp\htdocs\yii\framework\web\CController.php(783): CController->renderPartial('index', NULL, true)
#9 C:\xampp\htdocs\yii\protected\controllers\SiteController.php(32): CController->render('index')
#10 C:\xampp\htdocs\yii\framework\web\actions\CInlineAction.php(50): SiteController->actionIndex()
#11 C:\xampp\htdocs\yii\framework\web\CController.php(309): CInlineAction->runWithParams(Array)
#12 C:\xampp\htdocs\yii\framework\web\CController.php(287): CController->runAction(Object(CInlineAction))
#13 C:\xampp\htdocs\yii\framework\web\CController.php(266): CController->runActionWithFilters(Object(CInlineAction), Array)
#14 C:\xampp\htdocs\yii\framework\web\CWebApplication.php(276): CController->run('')
#15 C:\xampp\htdocs\yii\framework\web\CWebApplication.php(135): CWebApplication->runController('')
#16 C:\xampp\htdocs\yii\framework\base\CApplication.php(162): CWebApplication->processRequest()
#17 C:\xampp\htdocs\yii\index.php(13): CApplication->run()
#18 {main}
REQUEST_URI=/yii/index.php
HTTP_REFERER=http://localhost/yii/index.php/user/profile
---
2012/06/13 13:38:57 [error] [system.db.CDbCommand] CDbCommand::fetchAll() failed: SQLSTATE[42S02]: Base table or view not found: 1146 Table 'footzie.cms_node' doesn't exist. The SQL statement executed was: SHOW COLUMNS FROM `cms_node`.
in C:\xampp\htdocs\yii\protected\modules\cms\models\CmsNode.php (45)
in C:\xampp\htdocs\yii\protected\modules\cms\components\Cms.php (133)
in C:\xampp\htdocs\yii\protected\modules\cms\components\Cms.php (115)
2012/06/13 13:38:57 [error] [exception.CDbException] exception 'CDbException' with message 'The table "cms_node" for active record class "CmsNode" cannot be found in the database.' in C:\xampp\htdocs\yii\framework\db\ar\CActiveRecord.php:2264
Stack trace:
#0 C:\xampp\htdocs\yii\framework\db\ar\CActiveRecord.php(379): CActiveRecordMetaData->__construct(Object(CmsNode))
#1 C:\xampp\htdocs\yii\protected\modules\cms\models\CmsNode.php(45): CActiveRecord::model('CmsNode')
#2 C:\xampp\htdocs\yii\protected\modules\cms\components\Cms.php(133): CmsNode::model()
#3 C:\xampp\htdocs\yii\protected\modules\cms\components\Cms.php(115): Cms->loadNode('foo')
#4 C:\xampp\htdocs\yii\protected\views\site\index.php(19): Cms->createUrl('foo')
#5 C:\xampp\htdocs\yii\framework\web\CBaseController.php(127): require('C:\xampp\htdocs...')
#6 C:\xampp\htdocs\yii\framework\web\CBaseController.php(96): CBaseController->renderInternal('C:\xampp\htdocs...', NULL, true)
#7 C:\xampp\htdocs\yii\framework\web\CController.php(870): CBaseController->renderFile('C:\xampp\htdocs...', NULL, true)
#8 C:\xampp\htdocs\yii\framework\web\CController.php(783): CController->renderPartial('index', NULL, true)
#9 C:\xampp\htdocs\yii\protected\controllers\SiteController.php(32): CController->render('index')
#10 C:\xampp\htdocs\yii\framework\web\actions\CInlineAction.php(50): SiteController->actionIndex()
#11 C:\xampp\htdocs\yii\framework\web\CController.php(309): CInlineAction->runWithParams(Array)
#12 C:\xampp\htdocs\yii\framework\web\CController.php(287): CController->runAction(Object(CInlineAction))
#13 C:\xampp\htdocs\yii\framework\web\CController.php(266): CController->runActionWithFilters(Object(CInlineAction), Array)
#14 C:\xampp\htdocs\yii\framework\web\CWebApplication.php(276): CController->run('')
#15 C:\xampp\htdocs\yii\framework\web\CWebApplication.php(135): CWebApplication->runController('')
#16 C:\xampp\htdocs\yii\framework\base\CApplication.php(162): CWebApplication->processRequest()
#17 C:\xampp\htdocs\yii\index.php(13): CApplication->run()
#18 {main}
REQUEST_URI=/yii/index.php
HTTP_REFERER=http://localhost/yii/index.php/user/profile
---
2012/06/13 13:38:58 [error] [system.db.CDbCommand] CDbCommand::fetchAll() failed: SQLSTATE[42S02]: Base table or view not found: 1146 Table 'footzie.cms_node' doesn't exist. The SQL statement executed was: SHOW COLUMNS FROM `cms_node`.
in C:\xampp\htdocs\yii\protected\modules\cms\models\CmsNode.php (45)
in C:\xampp\htdocs\yii\protected\modules\cms\components\Cms.php (133)
in C:\xampp\htdocs\yii\protected\modules\cms\components\Cms.php (115)
2012/06/13 13:38:58 [error] [exception.CDbException] exception 'CDbException' with message 'The table "cms_node" for active record class "CmsNode" cannot be found in the database.' in C:\xampp\htdocs\yii\framework\db\ar\CActiveRecord.php:2264
Stack trace:
#0 C:\xampp\htdocs\yii\framework\db\ar\CActiveRecord.php(379): CActiveRecordMetaData->__construct(Object(CmsNode))
#1 C:\xampp\htdocs\yii\protected\modules\cms\models\CmsNode.php(45): CActiveRecord::model('CmsNode')
#2 C:\xampp\htdocs\yii\protected\modules\cms\components\Cms.php(133): CmsNode::model()
#3 C:\xampp\htdocs\yii\protected\modules\cms\components\Cms.php(115): Cms->loadNode('foo')
#4 C:\xampp\htdocs\yii\protected\views\site\index.php(19): Cms->createUrl('foo')
#5 C:\xampp\htdocs\yii\framework\web\CBaseController.php(127): require('C:\xampp\htdocs...')
#6 C:\xampp\htdocs\yii\framework\web\CBaseController.php(96): CBaseController->renderInternal('C:\xampp\htdocs...', NULL, true)
#7 C:\xampp\htdocs\yii\framework\web\CController.php(870): CBaseController->renderFile('C:\xampp\htdocs...', NULL, true)
#8 C:\xampp\htdocs\yii\framework\web\CController.php(783): CController->renderPartial('index', NULL, true)
#9 C:\xampp\htdocs\yii\protected\controllers\SiteController.php(32): CController->render('index')
#10 C:\xampp\htdocs\yii\framework\web\actions\CInlineAction.php(50): SiteController->actionIndex()
#11 C:\xampp\htdocs\yii\framework\web\CController.php(309): CInlineAction->runWithParams(Array)
#12 C:\xampp\htdocs\yii\framework\web\CController.php(287): CController->runAction(Object(CInlineAction))
#13 C:\xampp\htdocs\yii\framework\web\CController.php(266): CController->runActionWithFilters(Object(CInlineAction), Array)
#14 C:\xampp\htdocs\yii\framework\web\CWebApplication.php(276): CController->run('')
#15 C:\xampp\htdocs\yii\framework\web\CWebApplication.php(135): CWebApplication->runController('')
#16 C:\xampp\htdocs\yii\framework\base\CApplication.php(162): CWebApplication->processRequest()
#17 C:\xampp\htdocs\yii\index.php(13): CApplication->run()
#18 {main}
REQUEST_URI=/yii/index.php
HTTP_REFERER=http://localhost/yii/index.php/user/profile
---
2012/06/13 13:43:00 [error] [system.db.CDbCommand] CDbCommand::fetchAll() failed: SQLSTATE[42S02]: Base table or view not found: 1146 Table 'footzie.cms_node' doesn't exist. The SQL statement executed was: SHOW COLUMNS FROM `cms_node`.
in C:\xampp\htdocs\yii\protected\modules\cms\models\CmsNode.php (45)
in C:\xampp\htdocs\yii\protected\modules\cms\components\Cms.php (133)
in C:\xampp\htdocs\yii\protected\modules\cms\components\Cms.php (115)
2012/06/13 13:43:00 [error] [exception.CDbException] exception 'CDbException' with message 'The table "cms_node" for active record class "CmsNode" cannot be found in the database.' in C:\xampp\htdocs\yii\framework\db\ar\CActiveRecord.php:2264
Stack trace:
#0 C:\xampp\htdocs\yii\framework\db\ar\CActiveRecord.php(379): CActiveRecordMetaData->__construct(Object(CmsNode))
#1 C:\xampp\htdocs\yii\protected\modules\cms\models\CmsNode.php(45): CActiveRecord::model('CmsNode')
#2 C:\xampp\htdocs\yii\protected\modules\cms\components\Cms.php(133): CmsNode::model()
#3 C:\xampp\htdocs\yii\protected\modules\cms\components\Cms.php(115): Cms->loadNode('foo')
#4 C:\xampp\htdocs\yii\protected\views\site\pages\news.php(13): Cms->createUrl('foo')
#5 C:\xampp\htdocs\yii\framework\web\CBaseController.php(127): require('C:\xampp\htdocs...')
#6 C:\xampp\htdocs\yii\framework\web\CBaseController.php(96): CBaseController->renderInternal('C:\xampp\htdocs...', NULL, true)
#7 C:\xampp\htdocs\yii\framework\web\CController.php(870): CBaseController->renderFile('C:\xampp\htdocs...', NULL, true)
#8 C:\xampp\htdocs\yii\framework\web\CController.php(783): CController->renderPartial('pages/news', NULL, true)
#9 C:\xampp\htdocs\yii\framework\web\actions\CViewAction.php(141): CController->render('pages/news')
#10 C:\xampp\htdocs\yii\framework\web\actions\CAction.php(75): CViewAction->run()
#11 C:\xampp\htdocs\yii\framework\web\CController.php(309): CAction->runWithParams(Array)
#12 C:\xampp\htdocs\yii\framework\web\CController.php(287): CController->runAction(Object(CViewAction))
#13 C:\xampp\htdocs\yii\framework\web\CController.php(266): CController->runActionWithFilters(Object(CViewAction), Array)
#14 C:\xampp\htdocs\yii\framework\web\CWebApplication.php(276): CController->run('page')
#15 C:\xampp\htdocs\yii\framework\web\CWebApplication.php(135): CWebApplication->runController('site/page/view/...')
#16 C:\xampp\htdocs\yii\framework\base\CApplication.php(162): CWebApplication->processRequest()
#17 C:\xampp\htdocs\yii\index.php(13): CApplication->run()
#18 {main}
REQUEST_URI=/yii/site/page/view/news
HTTP_REFERER=http://localhost/yii/index.php/user/profile
---
2012/06/13 13:43:24 [error] [system.db.CDbCommand] CDbCommand::fetchAll() failed: SQLSTATE[42S02]: Base table or view not found: 1146 Table 'footzie.cms_node' doesn't exist. The SQL statement executed was: SHOW COLUMNS FROM `cms_node`.
in C:\xampp\htdocs\yii\protected\modules\cms\models\CmsNode.php (45)
in C:\xampp\htdocs\yii\protected\modules\cms\components\Cms.php (133)
in C:\xampp\htdocs\yii\protected\modules\cms\components\Cms.php (115)
2012/06/13 13:43:24 [error] [exception.CDbException] exception 'CDbException' with message 'The table "cms_node" for active record class "CmsNode" cannot be found in the database.' in C:\xampp\htdocs\yii\framework\db\ar\CActiveRecord.php:2264
Stack trace:
#0 C:\xampp\htdocs\yii\framework\db\ar\CActiveRecord.php(379): CActiveRecordMetaData->__construct(Object(CmsNode))
#1 C:\xampp\htdocs\yii\protected\modules\cms\models\CmsNode.php(45): CActiveRecord::model('CmsNode')
#2 C:\xampp\htdocs\yii\protected\modules\cms\components\Cms.php(133): CmsNode::model()
#3 C:\xampp\htdocs\yii\protected\modules\cms\components\Cms.php(115): Cms->loadNode('foo')
#4 C:\xampp\htdocs\yii\protected\views\site\pages\news.php(13): Cms->createUrl('foo')
#5 C:\xampp\htdocs\yii\framework\web\CBaseController.php(127): require('C:\xampp\htdocs...')
#6 C:\xampp\htdocs\yii\framework\web\CBaseController.php(96): CBaseController->renderInternal('C:\xampp\htdocs...', NULL, true)
#7 C:\xampp\htdocs\yii\framework\web\CController.php(870): CBaseController->renderFile('C:\xampp\htdocs...', NULL, true)
#8 C:\xampp\htdocs\yii\framework\web\CController.php(783): CController->renderPartial('pages/news', NULL, true)
#9 C:\xampp\htdocs\yii\framework\web\actions\CViewAction.php(141): CController->render('pages/news')
#10 C:\xampp\htdocs\yii\framework\web\actions\CAction.php(75): CViewAction->run()
#11 C:\xampp\htdocs\yii\framework\web\CController.php(309): CAction->runWithParams(Array)
#12 C:\xampp\htdocs\yii\framework\web\CController.php(287): CController->runAction(Object(CViewAction))
#13 C:\xampp\htdocs\yii\framework\web\CController.php(266): CController->runActionWithFilters(Object(CViewAction), Array)
#14 C:\xampp\htdocs\yii\framework\web\CWebApplication.php(276): CController->run('page')
#15 C:\xampp\htdocs\yii\framework\web\CWebApplication.php(135): CWebApplication->runController('site/page/view/...')
#16 C:\xampp\htdocs\yii\framework\base\CApplication.php(162): CWebApplication->processRequest()
#17 C:\xampp\htdocs\yii\index.php(13): CApplication->run()
#18 {main}
REQUEST_URI=/yii/site/page/view/news
HTTP_REFERER=http://localhost/yii/index.php/user/profile
---
2012/06/14 06:55:55 [error] [exception.CHttpException.404] exception 'CHttpException' with message 'The system is unable to find the requested action "view".' in C:\xampp\htdocs\yii\framework\web\CController.php:484
Stack trace:
#0 C:\xampp\htdocs\yii\framework\web\CController.php(271): CController->missingAction('')
#1 C:\xampp\htdocs\yii\framework\web\CWebApplication.php(276): CController->run('')
#2 C:\xampp\htdocs\yii\framework\web\CWebApplication.php(135): CWebApplication->runController('cms/node')
#3 C:\xampp\htdocs\yii\framework\base\CApplication.php(162): CWebApplication->processRequest()
#4 C:\xampp\htdocs\yii\index.php(13): CApplication->run()
#5 {main}
REQUEST_URI=/yii/index.php/cms/node/2
---
2012/06/14 06:56:12 [error] [exception.CHttpException.404] exception 'CHttpException' with message 'The system is unable to find the requested action "id".' in C:\xampp\htdocs\yii\framework\web\CController.php:484
Stack trace:
#0 C:\xampp\htdocs\yii\framework\web\CController.php(271): CController->missingAction('id')
#1 C:\xampp\htdocs\yii\framework\web\CWebApplication.php(276): CController->run('id')
#2 C:\xampp\htdocs\yii\framework\web\CWebApplication.php(135): CWebApplication->runController('cms/node/id/2')
#3 C:\xampp\htdocs\yii\framework\base\CApplication.php(162): CWebApplication->processRequest()
#4 C:\xampp\htdocs\yii\index.php(13): CApplication->run()
#5 {main}
REQUEST_URI=/yii/index.php/cms/node/id/2
---
2012/06/14 06:56:18 [error] [exception.CHttpException.404] exception 'CHttpException' with message 'The system is unable to find the requested action "id".' in C:\xampp\htdocs\yii\framework\web\CController.php:484
Stack trace:
#0 C:\xampp\htdocs\yii\framework\web\CController.php(271): CController->missingAction('id')
#1 C:\xampp\htdocs\yii\framework\web\CWebApplication.php(276): CController->run('id')
#2 C:\xampp\htdocs\yii\framework\web\CWebApplication.php(135): CWebApplication->runController('cms/node/id/2')
#3 C:\xampp\htdocs\yii\framework\base\CApplication.php(162): CWebApplication->processRequest()
#4 C:\xampp\htdocs\yii\index.php(13): CApplication->run()
#5 {main}
REQUEST_URI=/yii/index.php/cms/node/id/2
---
2012/06/14 06:57:36 [error] [exception.CHttpException.404] exception 'CHttpException' with message 'The system is unable to find the requested action "id".' in C:\xampp\htdocs\yii\framework\web\CController.php:484
Stack trace:
#0 C:\xampp\htdocs\yii\framework\web\CController.php(271): CController->missingAction('id')
#1 C:\xampp\htdocs\yii\framework\web\CWebApplication.php(276): CController->run('id')
#2 C:\xampp\htdocs\yii\framework\web\CWebApplication.php(135): CWebApplication->runController('cms/node/id/2')
#3 C:\xampp\htdocs\yii\framework\base\CApplication.php(162): CWebApplication->processRequest()
#4 C:\xampp\htdocs\yii\index.php(13): CApplication->run()
#5 {main}
REQUEST_URI=/yii/index.php/cms/node/id/2
---
2012/06/14 06:57:40 [error] [exception.CHttpException.404] exception 'CHttpException' with message 'The system is unable to find the requested action "id".' in C:\xampp\htdocs\yii\framework\web\CController.php:484
Stack trace:
#0 C:\xampp\htdocs\yii\framework\web\CController.php(271): CController->missingAction('id')
#1 C:\xampp\htdocs\yii\framework\web\CWebApplication.php(276): CController->run('id')
#2 C:\xampp\htdocs\yii\framework\web\CWebApplication.php(135): CWebApplication->runController('cms/node/id/1')
#3 C:\xampp\htdocs\yii\framework\base\CApplication.php(162): CWebApplication->processRequest()
#4 C:\xampp\htdocs\yii\index.php(13): CApplication->run()
#5 {main}
REQUEST_URI=/yii/index.php/cms/node/id/1
---
2012/06/14 08:52:13 [error] [exception.CHttpException.404] exception 'CHttpException' with message 'Unable to resolve the request "teams".' in C:\xampp\htdocs\yii\framework\web\CWebApplication.php:280
Stack trace:
#0 C:\xampp\htdocs\yii\framework\web\CWebApplication.php(135): CWebApplication->runController('teams')
#1 C:\xampp\htdocs\yii\framework\base\CApplication.php(162): CWebApplication->processRequest()
#2 C:\xampp\htdocs\yii\index.php(13): CApplication->run()
#3 {main}
REQUEST_URI=/yii/index.php/teams
---
2012/06/14 10:08:17 [error] [php] include(Teams.php) [<a href='function.include'>function.include</a>]: failed to open stream: No such file or directory (C:\xampp\htdocs\yii\framework\YiiBase.php:418)
Stack trace:
#0 C:\xampp\htdocs\yii\framework\db\ar\CActiveRecord.php(378): spl_autoload_call()
#1 C:\xampp\htdocs\yii\framework\web\CActiveDataProvider.php(75): model()
#2 C:\xampp\htdocs\yii\protected\controllers\TeamsController.php(130): CActiveDataProvider->__construct()
#3 C:\xampp\htdocs\yii\framework\web\actions\CInlineAction.php(50): TeamsController->actionIndex()
#4 C:\xampp\htdocs\yii\framework\web\CController.php(309): CInlineAction->runWithParams()
#5 C:\xampp\htdocs\yii\framework\web\filters\CFilterChain.php(134): TeamsController->runAction()
#6 C:\xampp\htdocs\yii\framework\web\filters\CFilter.php(41): CFilterChain->run()
#7 C:\xampp\htdocs\yii\framework\web\CController.php(1146): CAccessControlFilter->filter()
#8 C:\xampp\htdocs\yii\framework\web\filters\CInlineFilter.php(59): TeamsController->filterAccessControl()
#9 C:\xampp\htdocs\yii\framework\web\filters\CFilterChain.php(131): CInlineFilter->filter()
#10 C:\xampp\htdocs\yii\framework\web\CController.php(292): CFilterChain->run()
#11 C:\xampp\htdocs\yii\framework\web\CController.php(266): TeamsController->runActionWithFilters()
#12 C:\xampp\htdocs\yii\framework\web\CWebApplication.php(276): TeamsController->run()
#13 C:\xampp\htdocs\yii\framework\web\CWebApplication.php(135): CWebApplication->runController()
#14 C:\xampp\htdocs\yii\framework\base\CApplication.php(162): CWebApplication->processRequest()
#15 C:\xampp\htdocs\yii\index.php(13): CWebApplication->run()
REQUEST_URI=/yii/teams
in C:\xampp\htdocs\yii\protected\controllers\TeamsController.php (130)
in C:\xampp\htdocs\yii\index.php (13)
2012/06/14 10:21:08 [error] [exception.CException] exception 'CException' with message 'CActiveForm and its behaviors do not have a method or closure named "selectField".' in C:\xampp\htdocs\yii\framework\base\CComponent.php:266
Stack trace:
#0 C:\xampp\htdocs\yii\protected\views\playersProfile\_form.php(20): CComponent->__call('selectField', Array)
#1 C:\xampp\htdocs\yii\protected\views\playersProfile\_form.php(20): CActiveForm->selectField(Object(PlayersProfile), 'team_id')
#2 C:\xampp\htdocs\yii\framework\web\CBaseController.php(127): require('C:\xampp\htdocs...')
#3 C:\xampp\htdocs\yii\framework\web\CBaseController.php(96): CBaseController->renderInternal('C:\xampp\htdocs...', Array, true)
#4 C:\xampp\htdocs\yii\framework\web\CController.php(870): CBaseController->renderFile('C:\xampp\htdocs...', Array, true)
#5 C:\xampp\htdocs\yii\protected\views\playersProfile\create.php(15): CController->renderPartial('_form', Array)
#6 C:\xampp\htdocs\yii\framework\web\CBaseController.php(127): require('C:\xampp\htdocs...')
#7 C:\xampp\htdocs\yii\framework\web\CBaseController.php(96): CBaseController->renderInternal('C:\xampp\htdocs...', Array, true)
#8 C:\xampp\htdocs\yii\framework\web\CController.php(870): CBaseController->renderFile('C:\xampp\htdocs...', Array, true)
#9 C:\xampp\htdocs\yii\framework\web\CController.php(783): CController->renderPartial('create', Array, true)
#10 C:\xampp\htdocs\yii\protected\controllers\PlayersProfileController.php(78): CController->render('create', Array)
#11 C:\xampp\htdocs\yii\framework\web\actions\CInlineAction.php(50): PlayersProfileController->actionCreate()
#12 C:\xampp\htdocs\yii\framework\web\CController.php(309): CInlineAction->runWithParams(Array)
#13 C:\xampp\htdocs\yii\framework\web\filters\CFilterChain.php(134): CController->runAction(Object(CInlineAction))
#14 C:\xampp\htdocs\yii\framework\web\filters\CFilter.php(41): CFilterChain->run()
#15 C:\xampp\htdocs\yii\framework\web\CController.php(1146): CFilter->filter(Object(CFilterChain))
#16 C:\xampp\htdocs\yii\framework\web\filters\CInlineFilter.php(59): CController->filterAccessControl(Object(CFilterChain))
#17 C:\xampp\htdocs\yii\framework\web\filters\CFilterChain.php(131): CInlineFilter->filter(Object(CFilterChain))
#18 C:\xampp\htdocs\yii\framework\web\CController.php(292): CFilterChain->run()
#19 C:\xampp\htdocs\yii\framework\web\CController.php(266): CController->runActionWithFilters(Object(CInlineAction), Array)
#20 C:\xampp\htdocs\yii\framework\web\CWebApplication.php(276): CController->run('create')
#21 C:\xampp\htdocs\yii\framework\web\CWebApplication.php(135): CWebApplication->runController('playersProfile/...')
#22 C:\xampp\htdocs\yii\framework\base\CApplication.php(162): CWebApplication->processRequest()
#23 C:\xampp\htdocs\yii\index.php(13): CApplication->run()
#24 {main}
REQUEST_URI=/yii/index.php/playersProfile/create
HTTP_REFERER=http://localhost/yii/index.php/playersProfile
---
2012/06/14 10:55:11 [error] [php] Undefined variable: model (C:\xampp\htdocs\yii\protected\views\playersProfile\_view.php:15)
Stack trace:
#0 C:\xampp\htdocs\yii\framework\web\CController.php(870): PlayersProfileController->renderFile()
#1 C:\xampp\htdocs\yii\framework\zii\widgets\CListView.php(242): PlayersProfileController->renderPartial()
#2 C:\xampp\htdocs\yii\framework\zii\widgets\CBaseListView.php(158): CListView->renderItems()
#3 unknown(0): CListView->renderSection()
#4 C:\xampp\htdocs\yii\framework\zii\widgets\CBaseListView.php(141): preg_replace_callback()
#5 C:\xampp\htdocs\yii\framework\zii\widgets\CBaseListView.php(126): CListView->renderContent()
#6 C:\xampp\htdocs\yii\framework\web\CBaseController.php(174): CListView->run()
#7 C:\xampp\htdocs\yii\protected\views\playersProfile\index.php(17): PlayersProfileController->widget()
#8 C:\xampp\htdocs\yii\framework\web\CBaseController.php(127): require()
#9 C:\xampp\htdocs\yii\framework\web\CBaseController.php(96): PlayersProfileController->renderInternal()
#10 C:\xampp\htdocs\yii\framework\web\CController.php(870): PlayersProfileController->renderFile()
#11 C:\xampp\htdocs\yii\framework\web\CController.php(783): PlayersProfileController->renderPartial()
#12 C:\xampp\htdocs\yii\protected\controllers\PlayersProfileController.php(133): PlayersProfileController->render()
#13 C:\xampp\htdocs\yii\framework\web\actions\CInlineAction.php(50): PlayersProfileController->actionIndex()
#14 C:\xampp\htdocs\yii\framework\web\CController.php(309): CInlineAction->runWithParams()
#15 C:\xampp\htdocs\yii\framework\web\filters\CFilterChain.php(134): PlayersProfileController->runAction()
#16 C:\xampp\htdocs\yii\framework\web\filters\CFilter.php(41): CFilterChain->run()
#17 C:\xampp\htdocs\yii\framework\web\CController.php(1146): CAccessControlFilter->filter()
#18 C:\xampp\htdocs\yii\framework\web\filters\CInlineFilter.php(59): PlayersProfileController->filterAccessControl()
#19 C:\xampp\htdocs\yii\framework\web\filters\CFilterChain.php(131): CInlineFilter->filter()
#20 C:\xampp\htdocs\yii\framework\web\CController.php(292): CFilterChain->run()
#21 C:\xampp\htdocs\yii\framework\web\CController.php(266): PlayersProfileController->runActionWithFilters()
#22 C:\xampp\htdocs\yii\framework\web\CWebApplication.php(276): PlayersProfileController->run()
#23 C:\xampp\htdocs\yii\framework\web\CWebApplication.php(135): CWebApplication->runController()
#24 C:\xampp\htdocs\yii\framework\base\CApplication.php(162): CWebApplication->processRequest()
#25 C:\xampp\htdocs\yii\index.php(13): CWebApplication->run()
REQUEST_URI=/yii/index.php/playersProfile/index
in C:\xampp\htdocs\yii\protected\views\playersProfile\_view.php (15)
in C:\xampp\htdocs\yii\protected\views\playersProfile\index.php (17)
in C:\xampp\htdocs\yii\protected\controllers\PlayersProfileController.php (133)
2012/06/14 10:55:21 [error] [php] Undefined variable: model (C:\xampp\htdocs\yii\protected\views\playersProfile\_view.php:15)
Stack trace:
#0 C:\xampp\htdocs\yii\framework\web\CController.php(870): PlayersProfileController->renderFile()
#1 C:\xampp\htdocs\yii\framework\zii\widgets\CListView.php(242): PlayersProfileController->renderPartial()
#2 C:\xampp\htdocs\yii\framework\zii\widgets\CBaseListView.php(158): CListView->renderItems()
#3 unknown(0): CListView->renderSection()
#4 C:\xampp\htdocs\yii\framework\zii\widgets\CBaseListView.php(141): preg_replace_callback()
#5 C:\xampp\htdocs\yii\framework\zii\widgets\CBaseListView.php(126): CListView->renderContent()
#6 C:\xampp\htdocs\yii\framework\web\CBaseController.php(174): CListView->run()
#7 C:\xampp\htdocs\yii\protected\views\playersProfile\index.php(17): PlayersProfileController->widget()
#8 C:\xampp\htdocs\yii\framework\web\CBaseController.php(127): require()
#9 C:\xampp\htdocs\yii\framework\web\CBaseController.php(96): PlayersProfileController->renderInternal()
#10 C:\xampp\htdocs\yii\framework\web\CController.php(870): PlayersProfileController->renderFile()
#11 C:\xampp\htdocs\yii\framework\web\CController.php(783): PlayersProfileController->renderPartial()
#12 C:\xampp\htdocs\yii\protected\controllers\PlayersProfileController.php(133): PlayersProfileController->render()
#13 C:\xampp\htdocs\yii\framework\web\actions\CInlineAction.php(50): PlayersProfileController->actionIndex()
#14 C:\xampp\htdocs\yii\framework\web\CController.php(309): CInlineAction->runWithParams()
#15 C:\xampp\htdocs\yii\framework\web\filters\CFilterChain.php(134): PlayersProfileController->runAction()
#16 C:\xampp\htdocs\yii\framework\web\filters\CFilter.php(41): CFilterChain->run()
#17 C:\xampp\htdocs\yii\framework\web\CController.php(1146): CAccessControlFilter->filter()
#18 C:\xampp\htdocs\yii\framework\web\filters\CInlineFilter.php(59): PlayersProfileController->filterAccessControl()
#19 C:\xampp\htdocs\yii\framework\web\filters\CFilterChain.php(131): CInlineFilter->filter()
#20 C:\xampp\htdocs\yii\framework\web\CController.php(292): CFilterChain->run()
#21 C:\xampp\htdocs\yii\framework\web\CController.php(266): PlayersProfileController->runActionWithFilters()
#22 C:\xampp\htdocs\yii\framework\web\CWebApplication.php(276): PlayersProfileController->run()
#23 C:\xampp\htdocs\yii\framework\web\CWebApplication.php(135): CWebApplication->runController()
#24 C:\xampp\htdocs\yii\framework\base\CApplication.php(162): CWebApplication->processRequest()
#25 C:\xampp\htdocs\yii\index.php(13): CWebApplication->run()
REQUEST_URI=/yii/index.php/playersProfile/index
in C:\xampp\htdocs\yii\protected\views\playersProfile\_view.php (15)
in C:\xampp\htdocs\yii\protected\views\playersProfile\index.php (17)
in C:\xampp\htdocs\yii\protected\controllers\PlayersProfileController.php (133)
2012/06/14 12:06:39 [error] [php] Undefined variable: form (C:\xampp\htdocs\yii\protected\modules\user\views\user\registration.php:25)
Stack trace:
#0 C:\xampp\htdocs\yii\framework\web\CController.php(870): RegistrationController->renderFile()
#1 C:\xampp\htdocs\yii\framework\web\CController.php(783): RegistrationController->renderPartial()
#2 C:\xampp\htdocs\yii\protected\modules\user\controllers\RegistrationController.php(81): RegistrationController->render()
#3 C:\xampp\htdocs\yii\framework\web\actions\CInlineAction.php(50): RegistrationController->actionRegistration()
#4 C:\xampp\htdocs\yii\framework\web\CController.php(309): CInlineAction->runWithParams()
#5 C:\xampp\htdocs\yii\framework\web\CController.php(287): RegistrationController->runAction()
#6 C:\xampp\htdocs\yii\framework\web\CController.php(266): RegistrationController->runActionWithFilters()
#7 C:\xampp\htdocs\yii\framework\web\CWebApplication.php(276): RegistrationController->run()
#8 C:\xampp\htdocs\yii\framework\web\CWebApplication.php(135): CWebApplication->runController()
#9 C:\xampp\htdocs\yii\framework\base\CApplication.php(162): CWebApplication->processRequest()
#10 C:\xampp\htdocs\yii\index.php(13): CWebApplication->run()
REQUEST_URI=/yii/index.php/user/registration
in C:\xampp\htdocs\yii\protected\modules\user\views\user\registration.php (25)
in C:\xampp\htdocs\yii\protected\modules\user\controllers\RegistrationController.php (81)
in C:\xampp\htdocs\yii\index.php (13)
2012/06/14 12:52:16 [error] [exception.CHttpException.404] exception 'CHttpException' with message 'Unable to resolve the request "user/squad_select".' in C:\xampp\htdocs\yii\framework\web\CWebApplication.php:280
Stack trace:
#0 C:\xampp\htdocs\yii\framework\web\CWebApplication.php(135): CWebApplication->runController('user/squad_sele...')
#1 C:\xampp\htdocs\yii\framework\base\CApplication.php(162): CWebApplication->processRequest()
#2 C:\xampp\htdocs\yii\index.php(13): CApplication->run()
#3 {main}
REQUEST_URI=/yii/index.php/user/squad_select
---
2012/06/14 12:52:56 [error] [exception.CHttpException.404] exception 'CHttpException' with message 'Unable to resolve the request "user/squad_select".' in C:\xampp\htdocs\yii\framework\web\CWebApplication.php:280
Stack trace:
#0 C:\xampp\htdocs\yii\framework\web\CWebApplication.php(135): CWebApplication->runController('user/squad_sele...')
#1 C:\xampp\htdocs\yii\framework\base\CApplication.php(162): CWebApplication->processRequest()
#2 C:\xampp\htdocs\yii\index.php(13): CApplication->run()
#3 {main}
REQUEST_URI=/yii/index.php/user/squad_select
---
2012/06/14 13:05:20 [error] [exception.CHttpException.404] exception 'CHttpException' with message 'Unable to resolve the request "user/squad".' in C:\xampp\htdocs\yii\framework\web\CWebApplication.php:280
Stack trace:
#0 C:\xampp\htdocs\yii\framework\web\CWebApplication.php(135): CWebApplication->runController('user/squad')
#1 C:\xampp\htdocs\yii\framework\base\CApplication.php(162): CWebApplication->processRequest()
#2 C:\xampp\htdocs\yii\index.php(13): CApplication->run()
#3 {main}
REQUEST_URI=/yii/index.php/user/squad
---
2012/06/14 13:21:14 [error] [exception.CHttpException.404] exception 'CHttpException' with message 'Unable to resolve the request "user/squad".' in C:\xampp\htdocs\yii\framework\web\CWebApplication.php:280
Stack trace:
#0 C:\xampp\htdocs\yii\framework\web\CWebApplication.php(135): CWebApplication->runController('user/squad')
#1 C:\xampp\htdocs\yii\framework\base\CApplication.php(162): CWebApplication->processRequest()
#2 C:\xampp\htdocs\yii\index.php(13): CApplication->run()
#3 {main}
REQUEST_URI=/yii/index.php/user/squad
---
2012/06/14 13:40:31 [error] [exception.CHttpException.404] exception 'CHttpException' with message 'Unable to resolve the request "user/squad_select".' in C:\xampp\htdocs\yii\framework\web\CWebApplication.php:280
Stack trace:
#0 C:\xampp\htdocs\yii\framework\web\CWebApplication.php(135): CWebApplication->runController('user/squad_sele...')
#1 C:\xampp\htdocs\yii\framework\base\CApplication.php(162): CWebApplication->processRequest()
#2 C:\xampp\htdocs\yii\index.php(13): CApplication->run()
#3 {main}
REQUEST_URI=/yii/index.php/user/squad_select
---
2012/06/14 13:46:14 [error] [php] Invalid argument supplied for foreach() (C:\xampp\htdocs\yii\framework\base\CModel.php:282)
Stack trace:
#0 C:\xampp\htdocs\yii\framework\web\helpers\CHtml.php(1185): SquadForm->isAttributeRequired()
#1 C:\xampp\htdocs\yii\protected\modules\user\components\UActiveForm.php(408): activeLabelEx()
#2 C:\xampp\htdocs\yii\protected\modules\user\views\user\registration.php(28): UActiveForm->labelEx()
#3 C:\xampp\htdocs\yii\framework\web\CBaseController.php(127): require()
#4 C:\xampp\htdocs\yii\framework\web\CBaseController.php(96): SquadController->renderInternal()
#5 C:\xampp\htdocs\yii\framework\web\CController.php(870): SquadController->renderFile()
#6 C:\xampp\htdocs\yii\framework\web\CController.php(783): SquadController->renderPartial()
#7 C:\xampp\htdocs\yii\protected\modules\user\controllers\SquadController.php(44): SquadController->render()
#8 C:\xampp\htdocs\yii\framework\web\actions\CInlineAction.php(50): SquadController->actionSquad()
#9 C:\xampp\htdocs\yii\framework\web\CController.php(309): CInlineAction->runWithParams()
#10 C:\xampp\htdocs\yii\framework\web\CController.php(287): SquadController->runAction()
#11 C:\xampp\htdocs\yii\framework\web\CController.php(266): SquadController->runActionWithFilters()
#12 C:\xampp\htdocs\yii\framework\web\CWebApplication.php(276): SquadController->run()
#13 C:\xampp\htdocs\yii\framework\web\CWebApplication.php(135): CWebApplication->runController()
#14 C:\xampp\htdocs\yii\framework\base\CApplication.php(162): CWebApplication->processRequest()
#15 C:\xampp\htdocs\yii\index.php(13): CWebApplication->run()
REQUEST_URI=/yii/index.php/user/squad
in C:\xampp\htdocs\yii\protected\modules\user\components\UActiveForm.php (408)
in C:\xampp\htdocs\yii\protected\modules\user\views\user\registration.php (28)
in C:\xampp\htdocs\yii\protected\modules\user\controllers\SquadController.php (44)
2012/06/14 13:48:13 [error] [php] Invalid argument supplied for foreach() (C:\xampp\htdocs\yii\framework\base\CModel.php:282)
Stack trace:
#0 C:\xampp\htdocs\yii\framework\web\helpers\CHtml.php(1185): SquadForm->isAttributeRequired()
#1 C:\xampp\htdocs\yii\protected\modules\user\components\UActiveForm.php(408): activeLabelEx()
#2 C:\xampp\htdocs\yii\protected\modules\user\views\user\registration.php(28): UActiveForm->labelEx()
#3 C:\xampp\htdocs\yii\framework\web\CBaseController.php(127): require()
#4 C:\xampp\htdocs\yii\framework\web\CBaseController.php(96): SquadController->renderInternal()
#5 C:\xampp\htdocs\yii\framework\web\CController.php(870): SquadController->renderFile()
#6 C:\xampp\htdocs\yii\framework\web\CController.php(783): SquadController->renderPartial()
#7 C:\xampp\htdocs\yii\protected\modules\user\controllers\SquadController.php(44): SquadController->render()
#8 C:\xampp\htdocs\yii\framework\web\actions\CInlineAction.php(50): SquadController->actionSquad()
#9 C:\xampp\htdocs\yii\framework\web\CController.php(309): CInlineAction->runWithParams()
#10 C:\xampp\htdocs\yii\framework\web\CController.php(287): SquadController->runAction()
#11 C:\xampp\htdocs\yii\framework\web\CController.php(266): SquadController->runActionWithFilters()
#12 C:\xampp\htdocs\yii\framework\web\CWebApplication.php(276): SquadController->run()
#13 C:\xampp\htdocs\yii\framework\web\CWebApplication.php(135): CWebApplication->runController()
#14 C:\xampp\htdocs\yii\framework\base\CApplication.php(162): CWebApplication->processRequest()
#15 C:\xampp\htdocs\yii\index.php(13): CWebApplication->run()
REQUEST_URI=/yii/index.php/user/squad
in C:\xampp\htdocs\yii\protected\modules\user\components\UActiveForm.php (408)
in C:\xampp\htdocs\yii\protected\modules\user\views\user\registration.php (28)
in C:\xampp\htdocs\yii\protected\modules\user\controllers\SquadController.php (44)
2012/06/14 13:48:14 [error] [php] Invalid argument supplied for foreach() (C:\xampp\htdocs\yii\framework\base\CModel.php:282)
Stack trace:
#0 C:\xampp\htdocs\yii\framework\web\helpers\CHtml.php(1185): SquadForm->isAttributeRequired()
#1 C:\xampp\htdocs\yii\protected\modules\user\components\UActiveForm.php(408): activeLabelEx()
#2 C:\xampp\htdocs\yii\protected\modules\user\views\user\registration.php(28): UActiveForm->labelEx()
#3 C:\xampp\htdocs\yii\framework\web\CBaseController.php(127): require()
#4 C:\xampp\htdocs\yii\framework\web\CBaseController.php(96): SquadController->renderInternal()
#5 C:\xampp\htdocs\yii\framework\web\CController.php(870): SquadController->renderFile()
#6 C:\xampp\htdocs\yii\framework\web\CController.php(783): SquadController->renderPartial()
#7 C:\xampp\htdocs\yii\protected\modules\user\controllers\SquadController.php(44): SquadController->render()
#8 C:\xampp\htdocs\yii\framework\web\actions\CInlineAction.php(50): SquadController->actionSquad()
#9 C:\xampp\htdocs\yii\framework\web\CController.php(309): CInlineAction->runWithParams()
#10 C:\xampp\htdocs\yii\framework\web\CController.php(287): SquadController->runAction()
#11 C:\xampp\htdocs\yii\framework\web\CController.php(266): SquadController->runActionWithFilters()
#12 C:\xampp\htdocs\yii\framework\web\CWebApplication.php(276): SquadController->run()
#13 C:\xampp\htdocs\yii\framework\web\CWebApplication.php(135): CWebApplication->runController()
#14 C:\xampp\htdocs\yii\framework\base\CApplication.php(162): CWebApplication->processRequest()
#15 C:\xampp\htdocs\yii\index.php(13): CWebApplication->run()
REQUEST_URI=/yii/index.php/user/squad
in C:\xampp\htdocs\yii\protected\modules\user\components\UActiveForm.php (408)
in C:\xampp\htdocs\yii\protected\modules\user\views\user\registration.php (28)
in C:\xampp\htdocs\yii\protected\modules\user\controllers\SquadController.php (44)
